<?xml version="1.0" encoding="UTF-8"?>
<testng-results skipped="0" failed="0" ignored="0" total="1" passed="1">
  <reporter-output>
  </reporter-output>
  <suite name="Default suite" duration-ms="91241" started-at="2021-01-14T05:15:53Z" finished-at="2021-01-14T05:17:25Z">
    <groups>
    </groups>
    <test name="Default test" duration-ms="91241" started-at="2021-01-14T05:15:53Z" finished-at="2021-01-14T05:17:25Z">
      <class name="Cricbuzz.TopStories">
        <test-method status="PASS" signature="bt()[pri:0, instance:Cricbuzz.TopStories@7085bdee]" name="bt" is-config="true" duration-ms="26996" started-at="2021-01-14T05:15:53Z" finished-at="2021-01-14T05:16:20Z">
          <reporter-output>
          </reporter-output>
        </test-method> <!-- bt -->
        <test-method status="PASS" signature="testcase1()[pri:0, instance:Cricbuzz.TopStories@7085bdee]" name="testcase1" duration-ms="64204" started-at="2021-01-14T05:16:20Z" finished-at="2021-01-14T05:17:25Z">
          <reporter-output>
          </reporter-output>
        </test-method> <!-- testcase1 -->
      </class> <!-- Cricbuzz.TopStories -->
    </test> <!-- Default test -->
  </suite> <!-- Default suite -->
</testng-results>
